1747271984.873603 client started (90425): version 3.3a, socket /tmp/tmux-1000/default, protocol 8
1747271984.873644 on Linux 6.1.0-34-amd64 #1 SMP PREEMPT_DYNAMIC Debian 6.1.135-1 (2025-04-25)
1747271984.873653 using libevent 2.1.12-stable (poll); ncurses 6.3
1747271984.873676 flags are 0x10010000
1747271984.873683 socket is /tmp/tmux-1000/default
1747271984.873706 trying connect
1747271984.873957 add peer 0x558724c1e600: 6 ((nil))
1747271984.874401 sending message 100 to peer 0x558724c1e600 (4 bytes)
1747271984.874432 sending message 111 to peer 0x558724c1e600 (8 bytes)
1747271984.874439 sending message 101 to peer 0x558724c1e600 (14 bytes)
1747271984.874446 sending message 109 to peer 0x558724c1e600 (4 bytes)
1747271984.874452 sending message 102 to peer 0x558724c1e600 (11 bytes)
1747271984.874459 sending message 108 to peer 0x558724c1e600 (44 bytes)
1747271984.874465 sending message 112 to peer 0x558724c1e600 (70 bytes)
1747271984.874472 sending message 112 to peer 0x558724c1e600 (5 bytes)
1747271984.874478 sending message 112 to peer 0x558724c1e600 (5 bytes)
1747271984.874484 sending message 112 to peer 0x558724c1e600 (6 bytes)
1747271984.874490 sending message 112 to peer 0x558724c1e600 (6 bytes)
1747271984.874496 sending message 112 to peer 0x558724c1e600 (11 bytes)
1747271984.874502 sending message 112 to peer 0x558724c1e600 (10 bytes)
1747271984.874508 sending message 112 to peer 0x558724c1e600 (13 bytes)
1747271984.874514 sending message 112 to peer 0x558724c1e600 (13 bytes)
1747271984.874521 sending message 112 to peer 0x558724c1e600 (18 bytes)
1747271984.874527 sending message 112 to peer 0x558724c1e600 (11 bytes)
1747271984.874533 sending message 112 to peer 0x558724c1e600 (10 bytes)
1747271984.874539 sending message 112 to peer 0x558724c1e600 (15 bytes)
1747271984.874545 sending message 112 to peer 0x558724c1e600 (21 bytes)
1747271984.874551 sending message 112 to peer 0x558724c1e600 (13 bytes)
1747271984.874557 sending message 112 to peer 0x558724c1e600 (7 bytes)
1747271984.874564 sending message 112 to peer 0x558724c1e600 (13 bytes)
1747271984.874569 sending message 112 to peer 0x558724c1e600 (7 bytes)
1747271984.874575 sending message 112 to peer 0x558724c1e600 (13 bytes)
1747271984.874581 sending message 112 to peer 0x558724c1e600 (9 bytes)
1747271984.874588 sending message 112 to peer 0x558724c1e600 (21 bytes)
1747271984.874593 sending message 112 to peer 0x558724c1e600 (13 bytes)
1747271984.874600 sending message 112 to peer 0x558724c1e600 (8 bytes)
1747271984.874606 sending message 112 to peer 0x558724c1e600 (12 bytes)
1747271984.874611 sending message 112 to peer 0x558724c1e600 (13 bytes)
1747271984.874618 sending message 112 to peer 0x558724c1e600 (9 bytes)
1747271984.874623 sending message 112 to peer 0x558724c1e600 (9 bytes)
1747271984.874629 sending message 112 to peer 0x558724c1e600 (12 bytes)
1747271984.874635 sending message 112 to peer 0x558724c1e600 (8 bytes)
1747271984.874642 sending message 112 to peer 0x558724c1e600 (8 bytes)
1747271984.874648 sending message 112 to peer 0x558724c1e600 (7 bytes)
1747271984.874653 sending message 112 to peer 0x558724c1e600 (7 bytes)
1747271984.874660 sending message 112 to peer 0x558724c1e600 (9 bytes)
1747271984.874665 sending message 112 to peer 0x558724c1e600 (13 bytes)
1747271984.874671 sending message 112 to peer 0x558724c1e600 (6 bytes)
1747271984.874678 sending message 112 to peer 0x558724c1e600 (9 bytes)
1747271984.874684 sending message 112 to peer 0x558724c1e600 (15 bytes)
1747271984.874690 sending message 112 to peer 0x558724c1e600 (13 bytes)
1747271984.874696 sending message 112 to peer 0x558724c1e600 (12 bytes)
1747271984.874702 sending message 112 to peer 0x558724c1e600 (8 bytes)
1747271984.874708 sending message 112 to peer 0x558724c1e600 (14 bytes)
1747271984.874714 sending message 112 to peer 0x558724c1e600 (11 bytes)
1747271984.874720 sending message 112 to peer 0x558724c1e600 (9 bytes)
1747271984.874726 sending message 112 to peer 0x558724c1e600 (10 bytes)
1747271984.874732 sending message 112 to peer 0x558724c1e600 (10 bytes)
1747271984.874738 sending message 112 to peer 0x558724c1e600 (10 bytes)
1747271984.874762 sending message 112 to peer 0x558724c1e600 (10 bytes)
1747271984.874768 sending message 112 to peer 0x558724c1e600 (11 bytes)
1747271984.874775 sending message 112 to peer 0x558724c1e600 (12 bytes)
1747271984.874781 sending message 112 to peer 0x558724c1e600 (12 bytes)
1747271984.874787 sending message 112 to peer 0x558724c1e600 (12 bytes)
1747271984.874793 sending message 112 to peer 0x558724c1e600 (12 bytes)
1747271984.874798 sending message 112 to peer 0x558724c1e600 (12 bytes)
1747271984.874804 sending message 112 to peer 0x558724c1e600 (11 bytes)
1747271984.874810 sending message 112 to peer 0x558724c1e600 (11 bytes)
1747271984.874816 sending message 112 to peer 0x558724c1e600 (12 bytes)
1747271984.874822 sending message 112 to peer 0x558724c1e600 (12 bytes)
1747271984.874828 sending message 112 to peer 0x558724c1e600 (12 bytes)
1747271984.874834 sending message 112 to peer 0x558724c1e600 (12 bytes)
1747271984.874840 sending message 112 to peer 0x558724c1e600 (12 bytes)
1747271984.874846 sending message 112 to peer 0x558724c1e600 (10 bytes)
1747271984.874852 sending message 112 to peer 0x558724c1e600 (12 bytes)
1747271984.874858 sending message 112 to peer 0x558724c1e600 (13 bytes)
1747271984.874864 sending message 112 to peer 0x558724c1e600 (13 bytes)
1747271984.874870 sending message 112 to peer 0x558724c1e600 (13 bytes)
1747271984.874876 sending message 112 to peer 0x558724c1e600 (13 bytes)
1747271984.874882 sending message 112 to peer 0x558724c1e600 (13 bytes)
1747271984.874888 sending message 112 to peer 0x558724c1e600 (8 bytes)
1747271984.874894 sending message 112 to peer 0x558724c1e600 (11 bytes)
1747271984.874899 sending message 112 to peer 0x558724c1e600 (11 bytes)
1747271984.874906 sending message 112 to peer 0x558724c1e600 (11 bytes)
1747271984.874911 sending message 112 to peer 0x558724c1e600 (12 bytes)
1747271984.874917 sending message 112 to peer 0x558724c1e600 (12 bytes)
1747271984.874923 sending message 112 to peer 0x558724c1e600 (12 bytes)
1747271984.874929 sending message 112 to peer 0x558724c1e600 (12 bytes)
1747271984.874935 sending message 112 to peer 0x558724c1e600 (13 bytes)
1747271984.874941 sending message 112 to peer 0x558724c1e600 (13 bytes)
1747271984.874947 sending message 112 to peer 0x558724c1e600 (13 bytes)
1747271984.874952 sending message 112 to peer 0x558724c1e600 (8 bytes)
1747271984.874958 sending message 112 to peer 0x558724c1e600 (13 bytes)
1747271984.874964 sending message 112 to peer 0x558724c1e600 (13 bytes)
1747271984.874969 sending message 112 to peer 0x558724c1e600 (13 bytes)
1747271984.874975 sending message 112 to peer 0x558724c1e600 (13 bytes)
1747271984.874981 sending message 112 to peer 0x558724c1e600 (13 bytes)
1747271984.874987 sending message 112 to peer 0x558724c1e600 (12 bytes)
1747271984.874992 sending message 112 to peer 0x558724c1e600 (12 bytes)
1747271984.874998 sending message 112 to peer 0x558724c1e600 (12 bytes)
1747271984.875004 sending message 112 to peer 0x558724c1e600 (12 bytes)
1747271984.875010 sending message 112 to peer 0x558724c1e600 (13 bytes)
1747271984.875015 sending message 112 to peer 0x558724c1e600 (8 bytes)
1747271984.875021 sending message 112 to peer 0x558724c1e600 (13 bytes)
1747271984.875027 sending message 112 to peer 0x558724c1e600 (13 bytes)
1747271984.875033 sending message 112 to peer 0x558724c1e600 (13 bytes)
1747271984.875039 sending message 112 to peer 0x558724c1e600 (13 bytes)
1747271984.875044 sending message 112 to peer 0x558724c1e600 (13 bytes)
1747271984.875050 sending message 112 to peer 0x558724c1e600 (13 bytes)
1747271984.875056 sending message 112 to peer 0x558724c1e600 (13 bytes)
1747271984.875062 sending message 112 to peer 0x558724c1e600 (12 bytes)
1747271984.875067 sending message 112 to peer 0x558724c1e600 (12 bytes)
1747271984.875073 sending message 112 to peer 0x558724c1e600 (12 bytes)
1747271984.875079 sending message 112 to peer 0x558724c1e600 (8 bytes)
1747271984.875085 sending message 112 to peer 0x558724c1e600 (12 bytes)
1747271984.875091 sending message 112 to peer 0x558724c1e600 (13 bytes)
1747271984.875104 sending message 112 to peer 0x558724c1e600 (13 bytes)
1747271984.875110 sending message 112 to peer 0x558724c1e600 (13 bytes)
1747271984.875116 sending message 112 to peer 0x558724c1e600 (13 bytes)
1747271984.875121 sending message 112 to peer 0x558724c1e600 (13 bytes)
1747271984.875127 sending message 112 to peer 0x558724c1e600 (13 bytes)
1747271984.875133 sending message 112 to peer 0x558724c1e600 (13 bytes)
1747271984.875139 sending message 112 to peer 0x558724c1e600 (13 bytes)
1747271984.875145 sending message 112 to peer 0x558724c1e600 (12 bytes)
1747271984.875150 sending message 112 to peer 0x558724c1e600 (10 bytes)
1747271984.875156 sending message 112 to peer 0x558724c1e600 (12 bytes)
1747271984.875162 sending message 112 to peer 0x558724c1e600 (12 bytes)
1747271984.875167 sending message 112 to peer 0x558724c1e600 (12 bytes)
1747271984.875173 sending message 112 to peer 0x558724c1e600 (13 bytes)
1747271984.875179 sending message 112 to peer 0x558724c1e600 (13 bytes)
1747271984.875184 sending message 112 to peer 0x558724c1e600 (13 bytes)
1747271984.875190 sending message 112 to peer 0x558724c1e600 (13 bytes)
1747271984.875197 sending message 112 to peer 0x558724c1e600 (13 bytes)
1747271984.875202 sending message 112 to peer 0x558724c1e600 (13 bytes)
1747271984.875208 sending message 112 to peer 0x558724c1e600 (13 bytes)
1747271984.875214 sending message 112 to peer 0x558724c1e600 (10 bytes)
1747271984.875219 sending message 112 to peer 0x558724c1e600 (13 bytes)
1747271984.875225 sending message 112 to peer 0x558724c1e600 (12 bytes)
1747271984.875231 sending message 112 to peer 0x558724c1e600 (12 bytes)
1747271984.875236 sending message 112 to peer 0x558724c1e600 (12 bytes)
1747271984.875242 sending message 112 to peer 0x558724c1e600 (10 bytes)
1747271984.875248 sending message 112 to peer 0x558724c1e600 (10 bytes)
1747271984.875253 sending message 112 to peer 0x558724c1e600 (10 bytes)
1747271984.875259 sending message 112 to peer 0x558724c1e600 (12 bytes)
1747271984.875265 sending message 112 to peer 0x558724c1e600 (13 bytes)
1747271984.875271 sending message 112 to peer 0x558724c1e600 (13 bytes)
1747271984.875277 sending message 112 to peer 0x558724c1e600 (13 bytes)
1747271984.875282 sending message 112 to peer 0x558724c1e600 (13 bytes)
1747271984.875288 sending message 112 to peer 0x558724c1e600 (13 bytes)
1747271984.875294 sending message 112 to peer 0x558724c1e600 (11 bytes)
1747271984.875300 sending message 112 to peer 0x558724c1e600 (11 bytes)
1747271984.875305 sending message 112 to peer 0x558724c1e600 (12 bytes)
1747271984.875311 sending message 112 to peer 0x558724c1e600 (12 bytes)
1747271984.875317 sending message 112 to peer 0x558724c1e600 (12 bytes)
1747271984.875322 sending message 112 to peer 0x558724c1e600 (12 bytes)
1747271984.875328 sending message 112 to peer 0x558724c1e600 (12 bytes)
1747271984.875334 sending message 112 to peer 0x558724c1e600 (11 bytes)
1747271984.875339 sending message 112 to peer 0x558724c1e600 (12 bytes)
1747271984.875345 sending message 112 to peer 0x558724c1e600 (12 bytes)
1747271984.875351 sending message 112 to peer 0x558724c1e600 (13 bytes)
1747271984.875356 sending message 112 to peer 0x558724c1e600 (13 bytes)
1747271984.875362 sending message 112 to peer 0x558724c1e600 (13 bytes)
1747271984.875388 sending message 112 to peer 0x558724c1e600 (13 bytes)
1747271984.875397 sending message 112 to peer 0x558724c1e600 (13 bytes)
1747271984.875402 sending message 112 to peer 0x558724c1e600 (10 bytes)
1747271984.875409 sending message 112 to peer 0x558724c1e600 (9 bytes)
1747271984.875414 sending message 112 to peer 0x558724c1e600 (12 bytes)
1747271984.875420 sending message 112 to peer 0x558724c1e600 (13 bytes)
1747271984.875426 sending message 112 to peer 0x558724c1e600 (13 bytes)
1747271984.875431 sending message 112 to peer 0x558724c1e600 (13 bytes)
1747271984.875437 sending message 112 to peer 0x558724c1e600 (13 bytes)
1747271984.875443 sending message 112 to peer 0x558724c1e600 (13 bytes)
1747271984.875454 sending message 112 to peer 0x558724c1e600 (9 bytes)
1747271984.875461 sending message 112 to peer 0x558724c1e600 (12 bytes)
1747271984.875466 sending message 112 to peer 0x558724c1e600 (13 bytes)
1747271984.875472 sending message 112 to peer 0x558724c1e600 (13 bytes)
1747271984.875478 sending message 112 to peer 0x558724c1e600 (13 bytes)
1747271984.875483 sending message 112 to peer 0x558724c1e600 (13 bytes)
1747271984.875489 sending message 112 to peer 0x558724c1e600 (13 bytes)
1747271984.875495 sending message 112 to peer 0x558724c1e600 (11 bytes)
1747271984.875500 sending message 112 to peer 0x558724c1e600 (12 bytes)
1747271984.875506 sending message 112 to peer 0x558724c1e600 (13 bytes)
1747271984.875512 sending message 112 to peer 0x558724c1e600 (13 bytes)
1747271984.875517 sending message 112 to peer 0x558724c1e600 (13 bytes)
1747271984.875523 sending message 112 to peer 0x558724c1e600 (13 bytes)
1747271984.875529 sending message 112 to peer 0x558724c1e600 (13 bytes)
1747271984.875534 sending message 112 to peer 0x558724c1e600 (11 bytes)
1747271984.875540 sending message 112 to peer 0x558724c1e600 (12 bytes)
1747271984.875546 sending message 112 to peer 0x558724c1e600 (12 bytes)
1747271984.875552 sending message 112 to peer 0x558724c1e600 (12 bytes)
1747271984.875558 sending message 112 to peer 0x558724c1e600 (12 bytes)
1747271984.875564 sending message 112 to peer 0x558724c1e600 (12 bytes)
1747271984.875569 sending message 112 to peer 0x558724c1e600 (21 bytes)
1747271984.875581 sending message 112 to peer 0x558724c1e600 (12 bytes)
1747271984.875587 sending message 112 to peer 0x558724c1e600 (9 bytes)
1747271984.875593 sending message 112 to peer 0x558724c1e600 (6 bytes)
1747271984.875599 sending message 112 to peer 0x558724c1e600 (13 bytes)
1747271984.875604 sending message 112 to peer 0x558724c1e600 (8 bytes)
1747271984.875610 sending message 112 to peer 0x558724c1e600 (15 bytes)
1747271984.875616 sending message 112 to peer 0x558724c1e600 (13 bytes)
1747271984.875621 sending message 112 to peer 0x558724c1e600 (9 bytes)
1747271984.875627 sending message 112 to peer 0x558724c1e600 (70 bytes)
1747271984.875633 sending message 112 to peer 0x558724c1e600 (69 bytes)
1747271984.875639 sending message 112 to peer 0x558724c1e600 (10 bytes)
1747271984.875644 sending message 112 to peer 0x558724c1e600 (10 bytes)
1747271984.875650 sending message 112 to peer 0x558724c1e600 (8 bytes)
1747271984.875656 sending message 112 to peer 0x558724c1e600 (15 bytes)
1747271984.875661 sending message 112 to peer 0x558724c1e600 (13 bytes)
1747271984.875667 sending message 112 to peer 0x558724c1e600 (10 bytes)
1747271984.875674 sending message 112 to peer 0x558724c1e600 (10 bytes)
1747271984.875681 sending message 112 to peer 0x558724c1e600 (17 bytes)
1747271984.875686 sending message 112 to peer 0x558724c1e600 (10 bytes)
1747271984.875692 sending message 112 to peer 0x558724c1e600 (13 bytes)
1747271984.875698 sending message 112 to peer 0x558724c1e600 (9 bytes)
1747271984.875703 sending message 112 to peer 0x558724c1e600 (5 bytes)
1747271984.875709 sending message 112 to peer 0x558724c1e600 (15 bytes)
1747271984.875716 sending message 104 to peer 0x558724c1e600 (0 bytes)
1747271984.875722 sending message 110 to peer 0x558724c1e600 (0 bytes)
1747271984.875729 sending message 107 to peer 0x558724c1e600 (4 bytes)
1747271984.875736 sending message 105 to peer 0x558724c1e600 (16 bytes)
1747271984.875741 sending message 105 to peer 0x558724c1e600 (78 bytes)
1747271984.875747 sending message 105 to peer 0x558724c1e600 (24 bytes)
1747271984.875752 sending message 105 to peer 0x558724c1e600 (19 bytes)
1747271984.875758 sending message 105 to peer 0x558724c1e600 (20 bytes)
1747271984.875766 sending message 105 to peer 0x558724c1e600 (27 bytes)
1747271984.875772 sending message 105 to peer 0x558724c1e600 (60 bytes)
1747271984.875778 sending message 105 to peer 0x558724c1e600 (23 bytes)
1747271984.875784 sending message 105 to peer 0x558724c1e600 (26 bytes)
1747271984.875790 sending message 105 to peer 0x558724c1e600 (44 bytes)
1747271984.875795 sending message 105 to peer 0x558724c1e600 (36 bytes)
1747271984.875806 sending message 105 to peer 0x558724c1e600 (54 bytes)
1747271984.875812 sending message 105 to peer 0x558724c1e600 (41 bytes)
1747271984.875817 sending message 105 to peer 0x558724c1e600 (52 bytes)
1747271984.875823 sending message 105 to peer 0x558724c1e600 (53 bytes)
1747271984.875829 sending message 105 to peer 0x558724c1e600 (20 bytes)
1747271984.875834 sending message 105 to peer 0x558724c1e600 (22 bytes)
1747271984.875840 sending message 105 to peer 0x558724c1e600 (28 bytes)
1747271984.875846 sending message 105 to peer 0x558724c1e600 (48 bytes)
1747271984.875851 sending message 105 to peer 0x558724c1e600 (26 bytes)
1747271984.875857 sending message 105 to peer 0x558724c1e600 (14 bytes)
1747271984.875865 sending message 105 to peer 0x558724c1e600 (25 bytes)
1747271984.875871 sending message 105 to peer 0x558724c1e600 (22 bytes)
1747271984.875877 sending message 105 to peer 0x558724c1e600 (54 bytes)
1747271984.875883 sending message 105 to peer 0x558724c1e600 (22 bytes)
1747271984.875889 sending message 105 to peer 0x558724c1e600 (33 bytes)
1747271984.875894 sending message 105 to peer 0x558724c1e600 (21 bytes)
1747271984.875900 sending message 105 to peer 0x558724c1e600 (17 bytes)
1747271984.875906 sending message 105 to peer 0x558724c1e600 (15 bytes)
1747271984.875912 sending message 105 to peer 0x558724c1e600 (18 bytes)
1747271984.875918 sending message 105 to peer 0x558724c1e600 (17 bytes)
1747271984.875924 sending message 105 to peer 0x558724c1e600 (1764 bytes)
1747271984.875945 sending message 105 to peer 0x558724c1e600 (26 bytes)
1747271984.875951 sending message 105 to peer 0x558724c1e600 (26 bytes)
1747271984.875957 sending message 105 to peer 0x558724c1e600 (56 bytes)
1747271984.875963 sending message 105 to peer 0x558724c1e600 (47 bytes)
1747271984.875969 sending message 105 to peer 0x558724c1e600 (16 bytes)
1747271984.875975 sending message 105 to peer 0x558724c1e600 (62 bytes)
1747271984.875981 sending message 105 to peer 0x558724c1e600 (24 bytes)
1747271984.875987 sending message 105 to peer 0x558724c1e600 (25 bytes)
1747271984.875992 sending message 105 to peer 0x558724c1e600 (23 bytes)
1747271984.875999 sending message 105 to peer 0x558724c1e600 (23 bytes)
1747271984.876004 sending message 105 to peer 0x558724c1e600 (19 bytes)
1747271984.876010 sending message 105 to peer 0x558724c1e600 (11 bytes)
1747271984.876016 sending message 105 to peer 0x558724c1e600 (13 bytes)
1747271984.876022 sending message 105 to peer 0x558724c1e600 (31 bytes)
1747271984.876028 sending message 105 to peer 0x558724c1e600 (11 bytes)
1747271984.876034 sending message 105 to peer 0x558724c1e600 (8 bytes)
1747271984.876040 sending message 105 to peer 0x558724c1e600 (14 bytes)
1747271984.876045 sending message 105 to peer 0x558724c1e600 (18 bytes)
1747271984.876051 sending message 105 to peer 0x558724c1e600 (46 bytes)
1747271984.876057 sending message 105 to peer 0x558724c1e600 (31 bytes)
1747271984.876063 sending message 105 to peer 0x558724c1e600 (23 bytes)
1747271984.876069 sending message 105 to peer 0x558724c1e600 (139 bytes)
1747271984.876075 sending message 105 to peer 0x558724c1e600 (180 bytes)
1747271984.876081 sending message 105 to peer 0x558724c1e600 (38 bytes)
1747271984.876087 sending message 105 to peer 0x558724c1e600 (17 bytes)
1747271984.876093 sending message 105 to peer 0x558724c1e600 (54 bytes)
1747271984.876099 sending message 105 to peer 0x558724c1e600 (25 bytes)
1747271984.876105 sending message 105 to peer 0x558724c1e600 (51 bytes)
1747271984.876111 sending message 105 to peer 0x558724c1e600 (35 bytes)
1747271984.876116 sending message 105 to peer 0x558724c1e600 (35 bytes)
1747271984.876122 sending message 105 to peer 0x558724c1e600 (68 bytes)
1747271984.876129 sending message 105 to peer 0x558724c1e600 (18 bytes)
1747271984.876134 sending message 105 to peer 0x558724c1e600 (55 bytes)
1747271984.876140 sending message 105 to peer 0x558724c1e600 (16 bytes)
1747271984.876146 sending message 106 to peer 0x558724c1e600 (0 bytes)
1747271984.876224 sending message 200 to peer 0x558724c1e600 (4 bytes)
1747271984.876233 client loop enter
1747271984.879799 peer 0x558724c1e600 message 303
1747271984.879834 open write file 2 -
1747271984.879870 sending message 305 to peer 0x558724c1e600 (8 bytes)
1747271984.880126 write check file 2
1747271984.880181 peer 0x558724c1e600 message 304
1747271984.880190 write 58 to file 2
1747271984.880198 peer 0x558724c1e600 message 203
1747271984.880205 file 2 58 bytes left
1747271984.880228 write check file 2
1747271984.880235 client loop exit
